<?xml version="1.0" encoding="UTF-8"?>
<!-- Generated by org.testng.reporters.JUnitXMLReporter -->
<testsuite hostname="LINDEL00149" ignored="0" name="Product" tests="4" failures="0" timestamp="15 May 2020 15:05:43 GMT" time="49.24" errors="0">
  <testcase name="loginApplication" time="1.89" classname="tests.Product_CreationTest"/>
  <testcase name="createProduct" time="21.79" classname="tests.Product_CreationTest"/>
  <testcase name="updateProduct" time="3.184" classname="tests.Product_CreationTest"/>
  <testcase name="deleteProduct" time="5.18" classname="tests.Product_CreationTest"/>
</testsuite> <!-- Product -->
