<?xml version="1.0" encoding="UTF-8"?>
<!-- Generated by org.testng.reporters.JUnitXMLReporter -->
<testsuite hostname="LINDEL00149" ignored="0" name="Product" tests="5" failures="0" timestamp="16 May 2020 07:30:00 GMT" time="85.044" errors="0">
  <testcase name="validateTestCasewithValidandInvaidpassword" time="17.853" classname="tests.Product_CreationTest"/>
  <testcase name="loginApplication" time="3.947" classname="tests.Product_CreationTest"/>
  <testcase name="createProduct" time="30.078" classname="tests.Product_CreationTest"/>
  <testcase name="updateProduct" time="10.069" classname="tests.Product_CreationTest"/>
  <testcase name="deleteProduct" time="10.07" classname="tests.Product_CreationTest"/>
</testsuite> <!-- Product -->
